<?xml version="1.0" encoding="UTF-8"?>
<coverage generated="1614307639337" clover="3.2.0">
  <project timestamp="1614307639338" name="All files">
    <metrics statements="4" coveredstatements="3" conditionals="0" coveredconditionals="0" methods="1" coveredmethods="0" elements="5" coveredelements="3" complexity="0" loc="4" ncloc="4" packages="1" files="1" classes="1"/>
    <file name="user.controller.ts" path="E:\Relife - Start from zero\Discovery Package\Testing\src\controllers\user.controller.ts">
      <metrics statements="4" coveredstatements="3" conditionals="0" coveredconditionals="0" methods="1" coveredmethods="0"/>
      <line num="2" count="1" type="stmt"/>
      <line num="3" count="1" type="stmt"/>
      <line num="8" count="0" type="stmt"/>
      <line num="14" count="1" type="stmt"/>
    </file>
  </project>
</coverage>
