{"E:\\Relife - Start from zero\\Discovery Package\\Testing\\src\\controllers\\user.controller.ts": {"path":"E:\\Relife - Start from zero\\Discovery Package\\Testing\\src\\controllers\\user.controller.ts","statementMap":{"0":{"start":{"line":2,"column":11},"end":{"line":2,"column":null}},"1":{"start":{"line":3,"column":17},"end":{"line":12,"column":1}},"2":{"start":{"line":8,"column":2},"end":{"line":11,"column":null}},"3":{"start":{"line":14,"column":9},"end":{"line":14,"column":17}}},"fnMap":{"0":{"name":"(anonymous_0)","decl":{"start":{"line":3,"column":17},"end":{"line":3,"column":null}},"loc":{"start":{"line":7,"column":14},"end":{"line":12,"column":1}}}},"branchMap":{},"s":{"0":1,"1":1,"2":0,"3":1},"f":{"0":0},"b":{}}
}
